<?xml version="1.0" encoding="UTF-8"?>
<!-- Generated by org.testng.reporters.JUnitXMLReporter -->
<testsuite ignored="0" hostname="IdeaPad3-15IIL05" failures="0" tests="4" name="Test3" time="0.076" errors="0" timestamp="2023-08-16T17:45:21 IST">
  <testcase classname="parallelExecution.TestClass3" name="testMethod10" time="0.009"/>
  <testcase classname="parallelExecution.TestClass3" name="testMethod11" time="0.001"/>
  <testcase classname="parallelExecution.TestClass3" name="testMethod8" time="0.003"/>
  <testcase classname="parallelExecution.TestClass3" name="testMethod9" time="0.001"/>
</testsuite> <!-- Test3 -->
