<?xml version="1.0" encoding="UTF-8"?>
<!-- Generated by org.testng.reporters.JUnitXMLReporter -->
<testsuite ignored="0" hostname="IdeaPad3-15IIL05" failures="0" tests="11" name="Test1" time="0.082" errors="0" timestamp="2023-08-16T17:56:31 IST">
  <testcase classname="parallelExecution.TestClass2" name="testMethod5" time="0.008"/>
  <testcase classname="parallelExecution.TestClass1" name="testMethod1" time="0.008"/>
  <testcase classname="parallelExecution.TestClass2" name="testMethod6" time="0.003"/>
  <testcase classname="parallelExecution.TestClass1" name="testMethod2" time="0.003"/>
  <testcase classname="parallelExecution.TestClass2" name="testMethod7" time="0.003"/>
  <testcase classname="parallelExecution.TestClass1" name="testMethod3" time="0.003"/>
  <testcase classname="parallelExecution.TestClass1" name="testMethod4" time="0.002"/>
  <testcase classname="parallelExecution.TestClass3" name="testMethod10" time="0.002"/>
  <testcase classname="parallelExecution.TestClass3" name="testMethod11" time="0.002"/>
  <testcase classname="parallelExecution.TestClass3" name="testMethod8" time="0.001"/>
  <testcase classname="parallelExecution.TestClass3" name="testMethod9" time="0.002"/>
</testsuite> <!-- Test1 -->
