<?xml version="1.0" encoding="UTF-8"?>
<!-- Generated by org.testng.reporters.JUnitXMLReporter -->
<testsuite ignored="1" hostname="IdeaPad3-15IIL05" failures="0" tests="5" name="Test2" time="0.025" errors="0" timestamp="2023-08-10T10:32:35 IST">
  <testcase classname="groupTest.NewTest1" name="test1" time="0.002"/>
  <testcase classname="groupTest.NewTest1" name="test2" time="0.002"/>
  <testcase classname="groupTest.NewTest1" name="test3" time="0.002"/>
  <testcase classname="groupTest.NewTest2" name="test4" time="0.003"/>
  <testcase classname="groupTest.NewTest2" name="test5" time="0.001"/>
  <testcase classname="groupTest.NewTest2" name="test6" time="0.0">
    <ignored/>
  </testcase> <!-- test6 -->
</testsuite> <!-- Test2 -->
