<?xml version="1.0" encoding="UTF-8"?>
<!-- Generated by org.testng.reporters.JUnitXMLReporter -->
<testsuite ignored="0" hostname="IdeaPad3-15IIL05" failures="1" tests="6" name="Test" time="0.099" errors="0" timestamp="2023-08-14T10:15:04 IST">
  <testcase classname="testDependency.TestGroupDependency" name="testMethod1" time="0.015"/>
  <testcase classname="testDependency.TestGroupDependency" name="testMethod2" time="0.002"/>
  <testcase classname="testDependency.TestGroupDependency" name="testMethod3" time="0.002"/>
  <testcase classname="testDependency.TestGroupDependency" name="testMethod4" time="0.002">
    <failure type="java.lang.ArithmeticException" message="/ by zero">
      <![CDATA[java.lang.ArithmeticException: / by zero
at testDependency.TestGroupDependency.testMethod4(TestGroupDependency.java:24)
at java.base/java.util.ArrayList.forEach(ArrayList.java:1511)
... Removed 27 stack frames]]>
    </failure>
  </testcase> <!-- testMethod4 -->
  <testcase classname="testDependency.TestGroupDependency" name="testMethod5" time="0.001"/>
  <testcase classname="testDependency.TestGroupDependency" name="testMethod6" time="0.0">
    <skipped/>
  </testcase> <!-- testMethod6 -->
</testsuite> <!-- Test -->
