<?xml version="1.0" encoding="UTF-8"?>
<!-- Generated by org.testng.reporters.JUnitXMLReporter -->
<testsuite ignored="0" hostname="IdeaPad3-15IIL05" failures="0" tests="4" name="Test4" time="0.016" errors="0" timestamp="2023-08-16T17:39:29 IST">
  <testcase classname="parallelExecution.TestClass4" name="testMethod12" time="0.002"/>
  <testcase classname="parallelExecution.TestClass4" name="testMethod13" time="0.001"/>
  <testcase classname="parallelExecution.TestClass4" name="testMethod14" time="0.001"/>
  <testcase classname="parallelExecution.TestClass4" name="testMethod15" time="0.002"/>
</testsuite> <!-- Test4 -->
