<?xml version="1.0" encoding="UTF-8"?>
<testng-results ignored="0" total="2" passed="2" failed="0" skipped="0">
  <reporter-output>
  </reporter-output>
  <suite started-at="2023-08-08T10:54:55 IST" name="Suite" finished-at="2023-08-08T10:54:55 IST" duration-ms="62">
    <groups>
      <group name="functional">
        <method signature="NewTest1.test3()[pri:0, instance:groupTest.NewTest1@6cf0e0ba]" name="test3" class="groupTest.NewTest1"/>
      </group> <!-- functional -->
      <group name="regression">
        <method signature="NewTest1.test3()[pri:0, instance:groupTest.NewTest1@6cf0e0ba]" name="test3" class="groupTest.NewTest1"/>
      </group> <!-- regression -->
      <group name="smoke">
        <method signature="NewTest1.test1()[pri:0, instance:groupTest.NewTest1@6cf0e0ba]" name="test1" class="groupTest.NewTest1"/>
      </group> <!-- smoke -->
    </groups>
    <test started-at="2023-08-08T10:54:55 IST" name="Test" finished-at="2023-08-08T10:54:55 IST" duration-ms="62">
      <class name="groupTest.NewTest1">
        <test-method signature="test1()[pri:0, instance:groupTest.NewTest1@6cf0e0ba]" started-at="2023-08-08T10:54:55 IST" name="test1" finished-at="2023-08-08T10:54:55 IST" duration-ms="7" status="PASS">
          <reporter-output>
          </reporter-output>
        </test-method> <!-- test1 -->
        <test-method signature="test3()[pri:0, instance:groupTest.NewTest1@6cf0e0ba]" started-at="2023-08-08T10:54:55 IST" name="test3" finished-at="2023-08-08T10:54:55 IST" duration-ms="2" status="PASS">
          <reporter-output>
          </reporter-output>
        </test-method> <!-- test3 -->
      </class> <!-- groupTest.NewTest1 -->
    </test> <!-- Test -->
  </suite> <!-- Suite -->
</testng-results>
